<?xml version="1.0" encoding="UTF-8"?>
<testsuite name="com.adong.test.AdongTest" tests="1" skipped="0" failures="0" errors="0" timestamp="2024-06-16T13:29:38" hostname="192.168.2.5" time="50.188">
  <properties/>
  <testcase name="testLazy()" classname="com.adong.test.AdongTest" time="50.188"/>
  <system-out><![CDATA[wait wait wait1
wait wait wait2
]]></system-out>
  <system-err><![CDATA[]]></system-err>
</testsuite>
