<?xml version="1.0" encoding="UTF-8"?>
<testsuite name="com.adong.test.AdongTest" tests="1" skipped="0" failures="0" errors="0" timestamp="2024-06-16T04:49:35" hostname="192.168.2.5" time="105.659">
  <properties/>
  <testcase name="testConstructor()" classname="com.adong.test.AdongTest" time="105.659"/>
  <system-out><![CDATA[wait wait wait
]]></system-out>
  <system-err><![CDATA[]]></system-err>
</testsuite>
