<?xml version="1.0" encoding="UTF-8"?>
<testsuite name="com.adong.test.AdongTest" tests="1" skipped="0" failures="0" errors="0" timestamp="2024-06-17T02:32:04" hostname="lajimac.local" time="9.035">
  <properties/>
  <testcase name="testAopInvalid()" classname="com.adong.test.AdongTest" time="9.035"/>
  <system-out><![CDATA[hello hello hey
bye bye bye
wait wait wait
before hello
hello hello hey
before bye
bye bye bye
]]></system-out>
  <system-err><![CDATA[]]></system-err>
</testsuite>
